  Asteroids Game.cpp
C:\Users\User\source\repos\ntilbe\Asteroids-Game\Asteroids Game\Asteroids Game\olcConsoleGameEngine.h(759,1): warning C4267: 'initializing': conversion from 'size_t' to 'int', possible loss of data
C:\Users\User\source\repos\ntilbe\Asteroids-Game\Asteroids Game\Asteroids Game\olcConsoleGameEngine.h(1099,1): warning C4267: 'return': conversion from 'size_t' to 'unsigned int', possible loss of data
C:\Users\User\source\repos\ntilbe\Asteroids-Game\Asteroids Game\Asteroids Game\olcConsoleGameEngine.h(1196,1): warning C4312: 'type cast': conversion from 'DWORD' to 'olcConsoleGameEngine *' of greater size
C:\Users\User\source\repos\ntilbe\Asteroids-Game\Asteroids Game\Asteroids Game\Asteroids Game.cpp(109,22): warning C4244: 'argument': conversion from 'int' to 'float', possible loss of data
C:\Users\User\source\repos\ntilbe\Asteroids-Game\Asteroids Game\Asteroids Game\Asteroids Game.cpp(109,19): warning C4244: 'argument': conversion from 'int' to 'float', possible loss of data
C:\Users\User\source\repos\ntilbe\Asteroids-Game\Asteroids Game\Asteroids Game\Asteroids Game.cpp(110,34): warning C4244: 'argument': conversion from 'float' to 'int', possible loss of data
C:\Users\User\source\repos\ntilbe\Asteroids-Game\Asteroids Game\Asteroids Game\Asteroids Game.cpp(110,30): warning C4244: 'argument': conversion from 'float' to 'int', possible loss of data
C:\Users\User\source\repos\ntilbe\Asteroids-Game\Asteroids Game\Asteroids Game\Asteroids Game.cpp(150,39): warning C4244: 'argument': conversion from 'int' to 'float', possible loss of data
C:\Users\User\source\repos\ntilbe\Asteroids-Game\Asteroids Game\Asteroids Game\Asteroids Game.cpp(189,40): warning C4244: 'argument': conversion from 'int' to 'float', possible loss of data
C:\Users\User\source\repos\ntilbe\Asteroids-Game\Asteroids Game\Asteroids Game\Asteroids Game.cpp(255,15): warning C4244: 'argument': conversion from 'float' to 'int', possible loss of data
C:\Users\User\source\repos\ntilbe\Asteroids-Game\Asteroids Game\Asteroids Game\Asteroids Game.cpp(255,10): warning C4244: 'argument': conversion from 'float' to 'int', possible loss of data
C:\Users\User\source\repos\ntilbe\Asteroids-Game\Asteroids Game\Asteroids Game\Asteroids Game.cpp(272,1): warning C4267: 'initializing': conversion from 'size_t' to 'int', possible loss of data
C:\Users\User\source\repos\ntilbe\Asteroids-Game\Asteroids Game\Asteroids Game\Asteroids Game.cpp(301,85): warning C4244: 'argument': conversion from '_Ty2' to 'int', possible loss of data
          with
          [
              _Ty2=float
          ]
C:\Users\User\source\repos\ntilbe\Asteroids-Game\Asteroids Game\Asteroids Game\Asteroids Game.cpp(301,41): warning C4244: 'argument': conversion from '_Ty1' to 'int', possible loss of data
          with
          [
              _Ty1=float
          ]
C:\Users\User\source\repos\ntilbe\Asteroids-Game\Asteroids Game\Asteroids Game\Asteroids Game.cpp(300,93): warning C4244: 'argument': conversion from '_Ty2' to 'int', possible loss of data
          with
          [
              _Ty2=float
          ]
C:\Users\User\source\repos\ntilbe\Asteroids-Game\Asteroids Game\Asteroids Game\Asteroids Game.cpp(300,49): warning C4244: 'argument': conversion from '_Ty1' to 'int', possible loss of data
          with
          [
              _Ty1=float
          ]
  Asteroids Game.vcxproj -> C:\Users\User\source\repos\ntilbe\Asteroids-Game\Asteroids Game\x64\Debug\Asteroids Game.exe
